-------------------------------------------------------------------------------
Test set: com.roca12.misiontic2022.tiendalostiburones.TiendaLosTiburonesApplicationTests
-------------------------------------------------------------------------------
Tests run: 1, Failures: 0, Errors: 1, Skipped: 0, Time elapsed: 0.617 s <<< FAILURE! - in com.roca12.misiontic2022.tiendalostiburones.TiendaLosTiburonesApplicationTests
com.roca12.misiontic2022.tiendalostiburones.TiendaLosTiburonesApplicationTests  Time elapsed: 0.613 s  <<< ERROR!
java.lang.IllegalStateException: Unable to find a @SpringBootConfiguration, you need to use @ContextConfiguration or @SpringBootTest(classes=...) with your test

